<?xml version="1.0" encoding="UTF-8"?>
<testng-results ignored="0" total="2" passed="2" failed="0" skipped="0">
  <reporter-output>
  </reporter-output>
  <suite started-at="2024-10-14T16:06:35 IST" name="Default suite" finished-at="2024-10-14T16:06:35 IST" duration-ms="158">
    <groups>
    </groups>
    <test started-at="2024-10-14T16:06:35 IST" name="Default test" finished-at="2024-10-14T16:06:35 IST" duration-ms="158">
      <class name="pac1.ContactTest">
        <test-method signature="createContactTest()[pri:0, instance:pac1.ContactTest@67d48005]" started-at="2024-10-14T16:06:35 IST" name="createContactTest" finished-at="2024-10-14T16:06:35 IST" duration-ms="27" status="PASS">
          <reporter-output>
          </reporter-output>
        </test-method> <!-- createContactTest -->
        <test-method signature="modifyContactTest()[pri:0, instance:pac1.ContactTest@67d48005]" started-at="2024-10-14T16:06:35 IST" name="modifyContactTest" finished-at="2024-10-14T16:06:35 IST" duration-ms="5" status="PASS">
          <reporter-output>
          </reporter-output>
        </test-method> <!-- modifyContactTest -->
      </class> <!-- pac1.ContactTest -->
    </test> <!-- Default test -->
  </suite> <!-- Default suite -->
</testng-results>
